 ⚠ Port 3000 is in use, trying 3001 instead.
 ⚠ Port 3001 is in use, trying 3002 instead.
 ⚠ Port 3002 is in use, trying 3003 instead.
 ⚠ Port 3003 is in use, trying 3004 instead.
   ▲ Next.js 14.0.0
   - Local:        http://localhost:3004

 ✓ Ready in 1872ms
 ○ Compiling /not-found ...
 ✓ Compiled /not-found in 1689ms (524 modules)
 ○ Compiling /page ...
 ✓ Compiled /page in 1493ms (1544 modules)
 ⚠ Found a change in next.config.mjs. Restarting the server to apply the changes...
 ⚠ Port 3000 is in use, trying 3001 instead.
 ⚠ Port 3001 is in use, trying 3002 instead.
 ⚠ Port 3002 is in use, trying 3003 instead.
 ⚠ Port 3003 is in use, trying 3004 instead.
   ▲ Next.js 14.0.0
   - Local:        http://localhost:3004

 ✓ Ready in 2.1s
[?25h
